Arguments: 
  /usr/local/bin/node /usr/local/bin/yarn run build

PATH: 
  /Applications/MAMP/bin/php/php5.5.14/bin:/usr/bin:/bin:/usr/sbin:/sbin:/usr/local/bin:/Applications/MAMP/bin/php/php5.5.14/bin

Yarn version: 
  1.4.0

Node version: 
  9.4.0

Platform: 
  darwin x64

npm manifest: 
  No manifest

yarn manifest: 
  No manifest

Lockfile: 
  No lockfile

Trace: 
  Error: Couldn't find a package.json file in "/Users/tybohnet/Dropbox/graphic-work/aly-velji/alyveljidesigns.com"
      at new MessageError (/usr/local/lib/node_modules/yarn/lib/cli.js:186:110)
      at /usr/local/lib/node_modules/yarn/lib/cli.js:55394:15
      at Generator.next (<anonymous>)
      at step (/usr/local/lib/node_modules/yarn/lib/cli.js:98:30)
      at /usr/local/lib/node_modules/yarn/lib/cli.js:109:13
      at <anonymous>
